<?xml version="1.0" encoding="UTF-8"?>
<testsuite xmlns:xsi="http://www.w3.org/2001/XMLSchema-instance" xsi:noNamespaceSchemaLocation="https://maven.apache.org/surefire/maven-surefire-plugin/xsd/surefire-test-report.xsd" name="TestSuite" time="136.507" tests="2" errors="0" skipped="0" failures="0">
  <properties>
    <property name="java.vendor" value="Oracle Corporation"/>
    <property name="JOB_NAME" value="SeleniumFramework"/>
    <property name="sun.java.launcher" value="SUN_STANDARD"/>
    <property name="NUMBER_OF_PROCESSORS" value="4"/>
    <property name="sun.management.compiler" value="HotSpot 64-Bit Tiered Compilers"/>
    <property name="JENKINS_HOME" value="C:\Users\Sani\.jenkins"/>
    <property name="PATH" value="F:\app\Aksay_Database\product\12.2.0\dbhome_1\bin;F:\app\Sani_Database\product\12.1.0\dbhome_1\bin;F:\app\Sunny\product\12.2.0\dbhome_1\bin;E:\app\Sani\virtual\product\12.2.0\dbhome_1\bin;F:\app\Sani\product\11.2.0\dbhome_1\bin;F:\software\firefox\geckodriver-v0.21.0-win64;%ANT_HOME%\bin;F:\software\apache-maven-3.6.0-bin\apache-maven-3.6.0\bin;C:\Program Files\Java\jdk1.8.0_111\bin;C:\Program Files\Microsoft SQL Server\Client SDK\ODBC\130\Tools\Binn\;C:\Program Files (x86)\Microsoft SQL Server\140\Tools\Binn\;C:\Program Files\Microsoft SQL Server\140\Tools\Binn\;C:\Program Files\Microsoft SQL Server\140\DTS\Binn\;C:\Program Files (x86)\Microsoft SQL Server\Client SDK\ODBC\130\Tools\Binn\;C:\Program Files (x86)\Microsoft SQL Server\140\DTS\Binn\;C:\Program Files (x86)\Microsoft SQL Server\140\Tools\Binn\ManagementStudio\;&quot;F:\software\git\Git\cmd;&quot;;C:\Users\Sani\AppData\Local\Android\Sdk\tools;C:\Users\Sani\AppData\Local\Android\Sdk\platform-tools;C:\Users\Sani\AppData\Local\Android\Sdk\tools\bin;C:\Program Files\nodejs\;C:\Users\Sani\AppData\Local\Programs\Python\Python37-32\Scripts\;C:\Users\Sani\AppData\Local\Programs\Python\Python37-32\;&quot;C:\Program Files\Java\jdk1.8.0_111\bin;%M2_HOME%\bin;&quot;;C:\Users\Sani\AppData\Local\Microsoft\WindowsApps;C:\Users\Sani\AppData\Roaming\npm"/>
    <property name="HUDSON_SERVER_COOKIE" value="e81d36cfa44ea4b3"/>
    <property name="POM_ARTIFACTID" value="AdvanceFramework"/>
    <property name="SynaProgDir" value="Synaptics\SynTP"/>
    <property name="os.name" value="Windows 10"/>
    <property name="sun.boot.class.path" value="C:\Program Files\Java\jdk1.8.0_111\jre\lib\resources.jar;C:\Program Files\Java\jdk1.8.0_111\jre\lib\rt.jar;C:\Program Files\Java\jdk1.8.0_111\jre\lib\sunrsasign.jar;C:\Program Files\Java\jdk1.8.0_111\jre\lib\jsse.jar;C:\Program Files\Java\jdk1.8.0_111\jre\lib\jce.jar;C:\Program Files\Java\jdk1.8.0_111\jre\lib\charsets.jar;C:\Program Files\Java\jdk1.8.0_111\jre\lib\jfr.jar;C:\Program Files\Java\jdk1.8.0_111\jre\classes"/>
    <property name="EXECUTOR_NUMBER" value="1"/>
    <property name="sun.desktop" value="windows"/>
    <property name="PATHEXT" value=".COM;.EXE;.BAT;.CMD;.VBS;.VBE;.JS;.JSE;.WSF;.WSH;.MSC"/>
    <property name="java.vm.specification.vendor" value="Oracle Corporation"/>
    <property name="POM_DISPLAYNAME" value="AdvanceFramework"/>
    <property name="NODE_LABELS" value="master"/>
    <property name="TEMP" value="C:\Users\Sani\AppData\Local\Temp"/>
    <property name="java.runtime.version" value="1.8.0_111-b14"/>
    <property name="ANT_HOME" value="F:\software\apache-ant-1.10.5-bin\apache-ant-1.10.5"/>
    <property name="user.name" value="Sani"/>
    <property name="guice.disable.misplaced.annotation.check" value="true"/>
    <property name="CommonProgramW6432" value="C:\Program Files\Common Files"/>
    <property name="ProgramFiles" value="C:\Program Files"/>
    <property name="PROMPT" value="$P$G"/>
    <property name="user.language" value="en"/>
    <property name="JOB_BASE_NAME" value="SeleniumFramework"/>
    <property name="RUN_CHANGES_DISPLAY_URL" value="http://localhost:8080/job/SeleniumFramework/4/display/redirect?page=changes"/>
    <property name="BUILD_DISPLAY_NAME" value="#4"/>
    <property name="OneDrive" value="C:\Users\Sani\OneDrive"/>
    <property name="sun.boot.library.path" value="C:\Program Files\Java\jdk1.8.0_111\jre\bin"/>
    <property name="LOCALAPPDATA" value="C:\Users\Sani\AppData\Local"/>
    <property name="java.version" value="1.8.0_111"/>
    <property name="PROCESSOR_LEVEL" value="6"/>
    <property name="user.timezone" value="Asia/Calcutta"/>
    <property name="USERNAME" value="Sani"/>
    <property name="sun.arch.data.model" value="64"/>
    <property name="NODE_NAME" value="master"/>
    <property name="OneDriveConsumer" value="C:\Users\Sani\OneDrive"/>
    <property name="java.endorsed.dirs" value="C:\Program Files\Java\jdk1.8.0_111\jre\lib\endorsed"/>
    <property name="BUILD_ID" value="4"/>
    <property name="sun.cpu.isalist" value="amd64"/>
    <property name="sun.jnu.encoding" value="Cp1252"/>
    <property name="file.encoding.pkg" value="sun.io"/>
    <property name="file.separator" value="\"/>
    <property name="java.specification.name" value="Java Platform API Specification"/>
    <property name="HOMEDRIVE" value="C:"/>
    <property name="maven.conf" value="C:\Users\Sani\.jenkins\tools\hudson.tasks.Maven_MavenInstallation\MavenTest\conf"/>
    <property name="java.class.version" value="52.0"/>
    <property name="SCITE_USERHOME" value="C:\Users\Sani\AppData\Local\AutoIt v3\SciTE"/>
    <property name="org.slf4j.simpleLogger.defaultLogLevel" value="info"/>
    <property name="user.country" value="IN"/>
    <property name="ALLUSERSPROFILE" value="C:\ProgramData"/>
    <property name="java.home" value="C:\Program Files\Java\jdk1.8.0_111\jre"/>
    <property name="java.vm.info" value="mixed mode"/>
    <property name="os.version" value="10.0"/>
    <property name="=F:" value="F:\software\Jenkins"/>
    <property name="=ExitCode" value="00000001"/>
    <property name="RUN_DISPLAY_URL" value="http://localhost:8080/job/SeleniumFramework/4/display/redirect"/>
    <property name="POM_VERSION" value="0.0.1-SNAPSHOT"/>
    <property name="TMP" value="C:\Users\Sani\AppData\Local\Temp"/>
    <property name="path.separator" value=";"/>
    <property name="java.vm.version" value="25.111-b14"/>
    <property name="user.variant" value=""/>
    <property name="JOB_DISPLAY_URL" value="http://localhost:8080/job/SeleniumFramework/display/redirect"/>
    <property name="CommonProgramFiles(x86)" value="C:\Program Files (x86)\Common Files"/>
    <property name="USERDOMAIN_ROAMINGPROFILE" value="DESKTOP-QS8IMHF"/>
    <property name="java.awt.printerjob" value="sun.awt.windows.WPrinterJob"/>
    <property name="CommonProgramFiles" value="C:\Program Files\Common Files"/>
    <property name="JAVA_HOME" value="C:\Program Files\Java\jdk1.8.0_111"/>
    <property name="sun.io.unicode.encoding" value="UnicodeLittle"/>
    <property name="ComSpec" value="C:\WINDOWS\system32\cmd.exe"/>
    <property name="awt.toolkit" value="sun.awt.windows.WToolkit"/>
    <property name="HOMEPATH" value="\Users\Sani"/>
    <property name="POM_PACKAGING" value="jar"/>
    <property name="user.script" value=""/>
    <property name="COMPUTERNAME" value="DESKTOP-QS8IMHF"/>
    <property name="GOOGLE_API_KEY" value="no"/>
    <property name="GOOGLE_DEFAULT_CLIENT_SECRET" value="no"/>
    <property name="POM_GROUPID" value="com.zoho"/>
    <property name="user.home" value="C:\Users\Sani"/>
    <property name="PUBLIC" value="C:\Users\Public"/>
    <property name="BUILD_TAG" value="jenkins-SeleniumFramework-4"/>
    <property name="JENKINS_SERVER_COOKIE" value="e81d36cfa44ea4b3"/>
    <property name="HUDSON_URL" value="http://localhost:8080/"/>
    <property name="ProgramData" value="C:\ProgramData"/>
    <property name="java.specification.vendor" value="Oracle Corporation"/>
    <property name="USERPROFILE" value="C:\Users\Sani"/>
    <property name="CLASSPATH" value=""/>
    <property name="java.vendor.url" value="http://java.oracle.com/"/>
    <property name="java.library.path" value="C:\Program Files\Java\jdk1.8.0_111\bin;C:\WINDOWS\Sun\Java\bin;C:\WINDOWS\system32;C:\WINDOWS;C:\Users\Sani\.jenkins\tools\hudson.tasks.Maven_MavenInstallation\MavenTest/bin;F:\app\Aksay_Database\product\12.2.0\dbhome_1\bin;F:\app\Sani_Database\product\12.1.0\dbhome_1\bin;F:\app\Sunny\product\12.2.0\dbhome_1\bin;E:\app\Sani\virtual\product\12.2.0\dbhome_1\bin;F:\app\Sani\product\11.2.0\dbhome_1\bin;F:\software\firefox\geckodriver-v0.21.0-win64;%ANT_HOME%\bin;F:\software\apache-maven-3.6.0-bin\apache-maven-3.6.0\bin;C:\Program Files\Java\jdk1.8.0_111\bin;C:\Program Files\Microsoft SQL Server\Client SDK\ODBC\130\Tools\Binn\;C:\Program Files (x86)\Microsoft SQL Server\140\Tools\Binn\;C:\Program Files\Microsoft SQL Server\140\Tools\Binn\;C:\Program Files\Microsoft SQL Server\140\DTS\Binn\;C:\Program Files (x86)\Microsoft SQL Server\Client SDK\ODBC\130\Tools\Binn\;C:\Program Files (x86)\Microsoft SQL Server\140\DTS\Binn\;C:\Program Files (x86)\Microsoft SQL Server\140\Tools\Binn\ManagementStudio\;&quot;F:\software\git\Git\cmd;&quot;;C:\Users\Sani\AppData\Local\Android\Sdk\tools;C:\Users\Sani\AppData\Local\Android\Sdk\platform-tools;C:\Users\Sani\AppData\Local\Android\Sdk\tools\bin;C:\Program Files\nodejs\;C:\Users\Sani\AppData\Local\Programs\Python\Python37-32\Scripts\;C:\Users\Sani\AppData\Local\Programs\Python\Python37-32\;&quot;C:\Program Files\Java\jdk1.8.0_111\bin;%M2_HOME%\bin;&quot;;C:\Users\Sani\AppData\Local\Microsoft\WindowsApps;C:\Users\Sani\AppData\Roaming\npm;."/>
    <property name="java.vm.vendor" value="Oracle Corporation"/>
    <property name="APPDATA" value="C:\Users\Sani\AppData\Roaming"/>
    <property name="java.runtime.name" value="Java(TM) SE Runtime Environment"/>
    <property name="maven.home" value="C:\Users\Sani\.jenkins\tools\hudson.tasks.Maven_MavenInstallation\MavenTest"/>
    <property name="java.class.path" value="C:\Users\Sani\.jenkins\plugins\maven-plugin\WEB-INF\lib\maven35-agent-1.12.jar;C:\Users\Sani\.jenkins\tools\hudson.tasks.Maven_MavenInstallation\MavenTest\boot\plexus-classworlds-2.5.2.jar;C:\Users\Sani\.jenkins\tools\hudson.tasks.Maven_MavenInstallation\MavenTest/conf/logging"/>
    <property name="sun.java.command" value="jenkins.maven3.agent.Maven35Main C:\Users\Sani\.jenkins\tools\hudson.tasks.Maven_MavenInstallation\MavenTest C:\Users\Sani\.jenkins\war\WEB-INF\lib\remoting-3.28.jar C:\Users\Sani\.jenkins\plugins\maven-plugin\WEB-INF\lib\maven35-interceptor-1.12.jar C:\Users\Sani\.jenkins\plugins\maven-plugin\WEB-INF\lib\maven3-interceptor-commons-1.12.jar 54076"/>
    <property name="java.vm.specification.name" value="Java Virtual Machine Specification"/>
    <property name="PROCESSOR_ARCHITECTURE" value="AMD64"/>
    <property name="PROCESSOR_IDENTIFIER" value="Intel64 Family 6 Model 61 Stepping 4, GenuineIntel"/>
    <property name="SESSIONNAME" value="Console"/>
    <property name="java.vm.specification.version" value="1.8"/>
    <property name="sun.os.patch.level" value=""/>
    <property name="sun.cpu.endian" value="little"/>
    <property name="M2_HOME" value="C:\Users\Sani\.jenkins\tools\hudson.tasks.Maven_MavenInstallation\MavenTest"/>
    <property name="java.io.tmpdir" value="C:\Users\Sani\AppData\Local\Temp\"/>
    <property name="OS" value="Windows_NT"/>
    <property name="HUDSON_HOME" value="C:\Users\Sani\.jenkins"/>
    <property name="PATH+MAVEN" value="C:\Users\Sani\.jenkins\tools\hudson.tasks.Maven_MavenInstallation\MavenTest/bin"/>
    <property name="ProgramFiles(x86)" value="C:\Program Files (x86)"/>
    <property name="BUILD_URL" value="http://localhost:8080/job/SeleniumFramework/4/"/>
    <property name="java.vendor.url.bug" value="http://bugreport.sun.com/bugreport/"/>
    <property name="java.awt.graphicsenv" value="sun.awt.Win32GraphicsEnvironment"/>
    <property name="os.arch" value="amd64"/>
    <property name="SystemRoot" value="C:\WINDOWS"/>
    <property name="java.ext.dirs" value="C:\Program Files\Java\jdk1.8.0_111\jre\lib\ext;C:\WINDOWS\Sun\Java\lib\ext"/>
    <property name="user.dir" value="E:\SeleniumFramework"/>
    <property name="JOB_URL" value="http://localhost:8080/job/SeleniumFramework/"/>
    <property name="GOOGLE_DEFAULT_CLIENT_ID" value="no"/>
    <property name="LOGONSERVER" value="\\DESKTOP-QS8IMHF"/>
    <property name="USERDOMAIN" value="DESKTOP-QS8IMHF"/>
    <property name="line.separator" value="&#10;"/>
    <property name="MAVEN_HOME" value="C:\Users\Sani\.jenkins\tools\hudson.tasks.Maven_MavenInstallation\MavenTest"/>
    <property name="java.vm.name" value="Java HotSpot(TM) 64-Bit Server VM"/>
    <property name="BUILD_NUMBER" value="4"/>
    <property name="ANDROID_HOME" value="C:\Users\Sani\AppData\Local\Android\Sdk"/>
    <property name="JENKINS_URL" value="http://localhost:8080/"/>
    <property name="PROCESSOR_REVISION" value="3d04"/>
    <property name="ProgramW6432" value="C:\Program Files"/>
    <property name="windir" value="C:\WINDOWS"/>
    <property name="=C:" value="C:\Windows\System32"/>
    <property name="file.encoding" value="Cp1252"/>
    <property name="SystemDrive" value="C:"/>
    <property name="maven3.interceptor" value="C:\Users\Sani\.jenkins\plugins\maven-plugin\WEB-INF\lib\maven35-interceptor-1.12.jar"/>
    <property name="WORKSPACE" value="C:\Users\Sani\.jenkins\workspace\SeleniumFramework"/>
    <property name="maven3.interceptor.common" value="C:\Users\Sani\.jenkins\plugins\maven-plugin\WEB-INF\lib\maven3-interceptor-commons-1.12.jar"/>
    <property name="Execution Type" value="Grid"/>
    <property name="java.specification.version" value="1.8"/>
    <property name="PSModulePath" value="C:\Program Files (x86)\WindowsPowerShell\Modules;C:\WINDOWS\system32\WindowsPowerShell\v1.0\Modules;C:\Program Files (x86)\AutoIt3\AutoItX;C:\Program Files (x86)\Microsoft SQL Server\140\Tools\PowerShell\Modules\"/>
    <property name="DriverData" value="C:\Windows\System32\Drivers\DriverData"/>
  </properties>
  <testcase name="addCustomerTest" classname="testcases.BankManagerLogin" time="127.653"/>
  <testcase name="addCustomerTest" classname="testcases.BankManagerLogin" time="127.655"/>
</testsuite>