<?xml version="1.0" encoding="UTF-8"?>
<!-- Generated by org.testng.reporters.JUnitReportReporter -->
<testsuite skipped="0" hostname="DESKTOP-QS8IMHF" name="testcases.BankManagerLogin" tests="2" failures="0" timestamp="14 Jun 2019 03:26:48 GMT" time="117.316" errors="0">
  <testcase name="addCustomerTest" time="58.665" classname="testcases.BankManagerLogin"/>
  <testcase name="addCustomerTest" time="58.651" classname="testcases.BankManagerLogin"/>
</testsuite> <!-- testcases.BankManagerLogin -->
