<?xml version="1.0" encoding="UTF-8"?>
<!-- Generated by org.testng.reporters.JUnitReportReporter -->
<testsuite skipped="0" hostname="DESKTOP-QS8IMHF" name="testcases.BankManagerLogin" tests="2" failures="0" timestamp="14 Jun 2019 08:01:04 GMT" time="256.319" errors="0">
  <testcase name="addCustomerTest" time="128.144" classname="testcases.BankManagerLogin"/>
  <testcase name="addCustomerTest" time="128.175" classname="testcases.BankManagerLogin"/>
</testsuite> <!-- testcases.BankManagerLogin -->
